<?xml version="1.0" encoding="UTF-8"?>
<!-- Generated by org.testng.reporters.JUnitXMLReporter -->
<testsuite hostname="Ananta-1211" name="Default test" tests="3" failures="0" timestamp="25 Aug 2015 23:57:51 GMT" time="73.9" errors="0">
  <testcase name="launchApplicationTest" time="16.043" classname="com.automation.tests.SurveyMonkeySmokeTest"/>
  <testcase name="loginTest" time="14.715" classname="com.automation.tests.SurveyMonkeySmokeTest"/>
  <testcase name="logoutTest" time="22.254" classname="com.automation.tests.SurveyMonkeySmokeTest"/>
</testsuite> <!-- Default test -->
