<?xml version="1.0" encoding="UTF-8"?>
<testng-results skipped="0" failed="0" total="1" passed="1">
  <reporter-output>
  </reporter-output>
  <suite name="Suite1" duration-ms="54560" started-at="2015-09-08T12:28:36Z" finished-at="2015-09-08T12:29:31Z">
    <groups>
    </groups>
    <test name="SurveyMonkeyTest1" duration-ms="54560" started-at="2015-09-08T12:28:36Z" finished-at="2015-09-08T12:29:31Z">
      <class name="com.automation.tests.SurveyMonkeySmokeTest">
        <test-method status="PASS" signature="setUP()[pri:0, instance:com.automation.tests.SurveyMonkeySmokeTest@5a39699c]" name="setUP" is-config="true" duration-ms="15650" started-at="2015-09-08T17:58:36Z" finished-at="2015-09-08T17:58:52Z">
          <reporter-output>
          </reporter-output>
        </test-method> <!-- setUP -->
        <test-method status="PASS" signature="launchApplicationTest()[pri:0, instance:com.automation.tests.SurveyMonkeySmokeTest@5a39699c]" name="launchApplicationTest" duration-ms="35272" started-at="2015-09-08T17:58:52Z" finished-at="2015-09-08T17:59:27Z">
          <reporter-output>
          </reporter-output>
        </test-method> <!-- launchApplicationTest -->
        <test-method status="PASS" signature="tearDown()[pri:0, instance:com.automation.tests.SurveyMonkeySmokeTest@5a39699c]" name="tearDown" is-config="true" duration-ms="3620" started-at="2015-09-08T17:59:27Z" finished-at="2015-09-08T17:59:31Z">
          <reporter-output>
          </reporter-output>
        </test-method> <!-- tearDown -->
      </class> <!-- com.automation.tests.SurveyMonkeySmokeTest -->
    </test> <!-- SurveyMonkeyTest1 -->
  </suite> <!-- Suite1 -->
</testng-results>
